This is MetaPost, version 1.803 (kpathsea version 6.1.1)  16 JAN 2015 14:15
**Introduction.tex
(mpost.mp (/usr/share/texlive/texmf-dist/metapost/base/plain.mp
Preloading the plain mem file, version 1.004) ) (./Introduction.tex
>> chapter
! Isolated expression.
<to be read again> 
                   {
l.1 \chapter{
             Introduction}
? 
! Extra tokens will be flushed.
<to be read again> 
                   {
l.1 \chapter{
             Introduction}
? 
>> -0.33333charge.quarks.are.the.down+whereas.the
! Isolated expression.
<to be read again> 
                   ,
l.19 ...ereas the -1/3 charge quarks are the down,
                                                   strange, and bottom.  
? 
! Extra tokens will be flushed.
<to be read again> 
                   ,
l.19 ...ereas the -1/3 charge quarks are the down,
                                                   strange, and bottom.  
? 
! Forbidden token found while scanning to the end of the statement.
<inserted text> 
                ;
<to be read again> 
                   end
l.42 \end
         {tabular}
? 
 )
